<?xml version="1.0" encoding="UTF-8"?>
<!-- Generated by org.testng.reporters.JUnitReportReporter -->
<testsuite hostname="DESKTOP-P0E83JL" failures="0" tests="5" name="Automation.AmazonTest.AddingTest" time="95.946" errors="0" timestamp="2023-05-29T19:04:17 IST" skipped="0">
  <testcase classname="Automation.AmazonTest.AddingTest" name="PlacingOrder" time="21.845"/>
  <system-out/>
  <testcase classname="Automation.AmazonTest.AddingTest" name="addToWishlistWithLink" time="18.657"/>
  <system-out/>
  <testcase classname="Automation.AmazonTest.AddingTest" name="toCart" time="18.350"/>
  <system-out/>
  <testcase classname="Automation.AmazonTest.AddingTest" name="toWishlist" time="16.959"/>
  <system-out/>
  <testcase classname="Automation.AmazonTest.AddingTest" name="placeOrderWithLink" time="20.135"/>
  <system-out/>
</testsuite> <!-- Automation.AmazonTest.AddingTest -->
