<?xml version="1.0" encoding="UTF-8"?>
<!-- Generated by org.testng.reporters.JUnitReportReporter -->
<testsuite hostname="DESKTOP-P0E83JL" failures="0" tests="2" name="Automation.AmazonTest.DeletingTest" time="30.658" errors="0" timestamp="2023-05-30T16:28:21 IST" skipped="0">
  <testcase classname="Automation.AmazonTest.DeletingTest" name="deleteCartItems" time="12.411"/>
  <system-out/>
  <testcase classname="Automation.AmazonTest.DeletingTest" name="deleteWishListItems" time="18.247"/>
  <system-out/>
</testsuite> <!-- Automation.AmazonTest.DeletingTest -->
