<?xml version="1.0" encoding="UTF-8"?>
<!-- Generated by org.testng.reporters.JUnitReportReporter -->
<testsuite hostname="DESKTOP-P0E83JL" failures="0" tests="1" name="Automation.AmazonTest.Adding" time="21.396" errors="0" timestamp="2023-05-05T11:20:51 IST" skipped="0">
  <testcase classname="Automation.AmazonTest.Adding" name="toWishlist" time="21.396"/>
  <system-out/>
</testsuite> <!-- Automation.AmazonTest.Adding -->
