<?xml version="1.0" encoding="UTF-8"?>
<!-- Generated by org.testng.reporters.JUnitReportReporter -->
<testsuite hostname="DESKTOP-P0E83JL" failures="0" tests="2" name="Automation.AmazonTest.PlacingOrderTest" time="43.106" errors="0" timestamp="2023-05-05T10:16:17 IST" skipped="0">
  <testcase classname="Automation.AmazonTest.PlacingOrderTest" name="PlacingOrderWithLink" time="22.664"/>
  <system-out/>
  <testcase classname="Automation.AmazonTest.PlacingOrderTest" name="PlacingOrder" time="20.442"/>
  <system-out/>
</testsuite> <!-- Automation.AmazonTest.PlacingOrderTest -->
