<?xml version="1.0" encoding="UTF-8"?>
<!-- Generated by org.testng.reporters.JUnitReportReporter -->
<testsuite hostname="DESKTOP-P0E83JL" failures="0" tests="1" name="Automation.AmazonTest.DeletingAllCartItem" time="15.175" errors="0" timestamp="2023-05-05T17:04:47 IST" skipped="0">
  <testcase classname="Automation.AmazonTest.DeletingAllCartItem" name="delete" time="15.175"/>
  <system-out/>
</testsuite> <!-- Automation.AmazonTest.DeletingAllCartItem -->
