<?xml version="1.0" encoding="UTF-8"?>
<!-- Generated by org.testng.reporters.JUnitReportReporter -->
<testsuite hostname="DESKTOP-P0E83JL" failures="0" tests="1" name="Automation.AmazonTest.ListTest" time="13.098" errors="0" timestamp="2023-05-30T16:23:14 IST" skipped="0">
  <testcase classname="Automation.AmazonTest.ListTest" name="fromCart" time="13.098"/>
  <system-out/>
</testsuite> <!-- Automation.AmazonTest.ListTest -->
